[0.222s] DEBUG:colcon:Command line arguments: ['/usr/bin/colcon', 'build']
[0.223s] DEBUG:colcon:Parsed command line arguments: Namespace(allow_overriding=[], ament_cmake_args=None, base_paths=['.'], build_base='build', catkin_cmake_args=None, catkin_skip_building_tests=False, cmake_args=None, cmake_clean_cache=False, cmake_clean_first=False, cmake_force_configure=False, cmake_target=None, cmake_target_skip_unavailable=False, continue_on_error=False, event_handlers=['compile_commands+'], executor='parallel', ignore_user_meta=False, install_base='install', log_base=None, log_level=None, main=<bound method BuildVerb.main of <colcon_core.verb.build.BuildVerb object at 0x7f027a8f0e50>>, merge_install=False, metas=['./colcon.meta'], mixin=None, mixin_files=None, mixin_verb=('build',), packages_above=None, packages_above_and_dependencies=None, packages_above_depth=None, packages_end=None, packages_ignore=None, packages_ignore_regex=None, packages_select=None, packages_select_build_failed=False, packages_select_by_dep=None, packages_select_regex=None, packages_select_test_failures=False, packages_skip=None, packages_skip_build_finished=False, packages_skip_by_dep=None, packages_skip_regex=None, packages_skip_test_passed=False, packages_skip_up_to=None, packages_start=None, packages_up_to=None, packages_up_to_regex=None, parallel_workers=4, paths=None, symlink_install=True, test_result_base=None, verb_extension=<colcon_core.verb.build.BuildVerb object at 0x7f027a8f0e50>, verb_name='build', verb_parser=<colcon_mixin.mixin.mixin_argument.MixinArgumentDecorator object at 0x7f027a8f9430>)
[0.255s] Level 1:colcon.colcon_core.package_discovery:discover_packages(colcon_meta) check parameters
[0.257s] Level 1:colcon.colcon_core.package_discovery:discover_packages(recursive) check parameters
[0.258s] Level 1:colcon.colcon_core.package_discovery:discover_packages(ignore) check parameters
[0.259s] Level 1:colcon.colcon_core.package_discovery:discover_packages(path) check parameters
[0.259s] Level 1:colcon.colcon_core.package_discovery:discover_packages(colcon_meta) discover
[0.260s] Level 1:colcon.colcon_core.package_discovery:discover_packages(recursive) discover
[0.261s] INFO:colcon.colcon_core.package_discovery:Crawling recursively for packages in '/workspaces/ros_workspace_template/tools'
[0.262s] Level 1:colcon.colcon_core.package_identification:_identify(.) by extensions ['ignore', 'ignore_ament_install']
[0.262s] Level 1:colcon.colcon_core.package_identification:_identify(.) by extension 'ignore'
[0.264s] Level 1:colcon.colcon_core.package_identification:_identify(.) by extension 'ignore_ament_install'
[0.265s] Level 1:colcon.colcon_core.package_identification:_identify(.) by extensions ['colcon_pkg']
[0.266s] Level 1:colcon.colcon_core.package_identification:_identify(.) by extension 'colcon_pkg'
[0.267s] Level 1:colcon.colcon_core.package_identification:_identify(.) by extensions ['colcon_meta']
[0.268s] Level 1:colcon.colcon_core.package_identification:_identify(.) by extension 'colcon_meta'
[0.268s] Level 1:colcon.colcon_core.package_identification:_identify(.) by extensions ['ros']
[0.269s] Level 1:colcon.colcon_core.package_identification:_identify(.) by extension 'ros'
[0.296s] Level 1:colcon.colcon_core.package_identification:_identify(.) by extensions ['cmake', 'python']
[0.297s] Level 1:colcon.colcon_core.package_identification:_identify(.) by extension 'cmake'
[0.298s] Level 1:colcon.colcon_core.package_identification:_identify(.) by extension 'python'
[0.299s] Level 1:colcon.colcon_core.package_identification:_identify(.) by extensions ['python_setup_py']
[0.300s] Level 1:colcon.colcon_core.package_identification:_identify(.) by extension 'python_setup_py'
[0.301s] Level 1:colcon.colcon_core.package_identification:_identify(build) by extensions ['ignore', 'ignore_ament_install']
[0.302s] Level 1:colcon.colcon_core.package_identification:_identify(build) by extension 'ignore'
[0.303s] Level 1:colcon.colcon_core.package_identification:_identify(build) ignored
[0.303s] Level 1:colcon.colcon_core.package_identification:_identify(install) by extensions ['ignore', 'ignore_ament_install']
[0.305s] Level 1:colcon.colcon_core.package_identification:_identify(install) by extension 'ignore'
[0.306s] Level 1:colcon.colcon_core.package_identification:_identify(install) ignored
[0.310s] Level 1:colcon.colcon_core.package_identification:_identify(log) by extensions ['ignore', 'ignore_ament_install']
[0.311s] Level 1:colcon.colcon_core.package_identification:_identify(log) by extension 'ignore'
[0.312s] Level 1:colcon.colcon_core.package_identification:_identify(log) ignored
[0.313s] Level 1:colcon.colcon_core.package_identification:_identify(setup) by extensions ['ignore', 'ignore_ament_install']
[0.314s] Level 1:colcon.colcon_core.package_identification:_identify(setup) by extension 'ignore'
[0.315s] Level 1:colcon.colcon_core.package_identification:_identify(setup) by extension 'ignore_ament_install'
[0.316s] Level 1:colcon.colcon_core.package_identification:_identify(setup) by extensions ['colcon_pkg']
[0.317s] Level 1:colcon.colcon_core.package_identification:_identify(setup) by extension 'colcon_pkg'
[0.318s] Level 1:colcon.colcon_core.package_identification:_identify(setup) by extensions ['colcon_meta']
[0.318s] Level 1:colcon.colcon_core.package_identification:_identify(setup) by extension 'colcon_meta'
[0.319s] Level 1:colcon.colcon_core.package_identification:_identify(setup) by extensions ['ros']
[0.320s] Level 1:colcon.colcon_core.package_identification:_identify(setup) by extension 'ros'
[0.325s] Level 1:colcon.colcon_core.package_identification:_identify(setup) by extensions ['cmake', 'python']
[0.325s] Level 1:colcon.colcon_core.package_identification:_identify(setup) by extension 'cmake'
[0.327s] Level 1:colcon.colcon_core.package_identification:_identify(setup) by extension 'python'
[0.328s] Level 1:colcon.colcon_core.package_identification:_identify(setup) by extensions ['python_setup_py']
[0.328s] Level 1:colcon.colcon_core.package_identification:_identify(setup) by extension 'python_setup_py'
[0.330s] Level 1:colcon.colcon_core.package_identification:_identify(setup/requirements) by extensions ['ignore', 'ignore_ament_install']
[0.330s] Level 1:colcon.colcon_core.package_identification:_identify(setup/requirements) by extension 'ignore'
[0.331s] Level 1:colcon.colcon_core.package_identification:_identify(setup/requirements) by extension 'ignore_ament_install'
[0.333s] Level 1:colcon.colcon_core.package_identification:_identify(setup/requirements) by extensions ['colcon_pkg']
[0.333s] Level 1:colcon.colcon_core.package_identification:_identify(setup/requirements) by extension 'colcon_pkg'
[0.335s] Level 1:colcon.colcon_core.package_identification:_identify(setup/requirements) by extensions ['colcon_meta']
[0.335s] Level 1:colcon.colcon_core.package_identification:_identify(setup/requirements) by extension 'colcon_meta'
[0.336s] Level 1:colcon.colcon_core.package_identification:_identify(setup/requirements) by extensions ['ros']
[0.336s] Level 1:colcon.colcon_core.package_identification:_identify(setup/requirements) by extension 'ros'
[0.339s] Level 1:colcon.colcon_core.package_identification:_identify(setup/requirements) by extensions ['cmake', 'python']
[0.340s] Level 1:colcon.colcon_core.package_identification:_identify(setup/requirements) by extension 'cmake'
[0.341s] Level 1:colcon.colcon_core.package_identification:_identify(setup/requirements) by extension 'python'
[0.342s] Level 1:colcon.colcon_core.package_identification:_identify(setup/requirements) by extensions ['python_setup_py']
[0.342s] Level 1:colcon.colcon_core.package_identification:_identify(setup/requirements) by extension 'python_setup_py'
[0.344s] Level 1:colcon.colcon_core.package_identification:_identify(setup/requirements/rosdistro) by extensions ['ignore', 'ignore_ament_install']
[0.344s] Level 1:colcon.colcon_core.package_identification:_identify(setup/requirements/rosdistro) by extension 'ignore'
[0.345s] Level 1:colcon.colcon_core.package_identification:_identify(setup/requirements/rosdistro) by extension 'ignore_ament_install'
[0.347s] Level 1:colcon.colcon_core.package_identification:_identify(setup/requirements/rosdistro) by extensions ['colcon_pkg']
[0.348s] Level 1:colcon.colcon_core.package_identification:_identify(setup/requirements/rosdistro) by extension 'colcon_pkg'
[0.349s] Level 1:colcon.colcon_core.package_identification:_identify(setup/requirements/rosdistro) by extensions ['colcon_meta']
[0.350s] Level 1:colcon.colcon_core.package_identification:_identify(setup/requirements/rosdistro) by extension 'colcon_meta'
[0.350s] Level 1:colcon.colcon_core.package_identification:_identify(setup/requirements/rosdistro) by extensions ['ros']
[0.351s] Level 1:colcon.colcon_core.package_identification:_identify(setup/requirements/rosdistro) by extension 'ros'
[0.353s] Level 1:colcon.colcon_core.package_identification:_identify(setup/requirements/rosdistro) by extensions ['cmake', 'python']
[0.354s] Level 1:colcon.colcon_core.package_identification:_identify(setup/requirements/rosdistro) by extension 'cmake'
[0.355s] Level 1:colcon.colcon_core.package_identification:_identify(setup/requirements/rosdistro) by extension 'python'
[0.356s] Level 1:colcon.colcon_core.package_identification:_identify(setup/requirements/rosdistro) by extensions ['python_setup_py']
[0.357s] Level 1:colcon.colcon_core.package_identification:_identify(setup/requirements/rosdistro) by extension 'python_setup_py'
[0.358s] Level 1:colcon.colcon_core.package_identification:_identify(setup/requirements/rosdistro/rosdep) by extensions ['ignore', 'ignore_ament_install']
[0.359s] Level 1:colcon.colcon_core.package_identification:_identify(setup/requirements/rosdistro/rosdep) by extension 'ignore'
[0.360s] Level 1:colcon.colcon_core.package_identification:_identify(setup/requirements/rosdistro/rosdep) by extension 'ignore_ament_install'
[0.361s] Level 1:colcon.colcon_core.package_identification:_identify(setup/requirements/rosdistro/rosdep) by extensions ['colcon_pkg']
[0.361s] Level 1:colcon.colcon_core.package_identification:_identify(setup/requirements/rosdistro/rosdep) by extension 'colcon_pkg'
[0.362s] Level 1:colcon.colcon_core.package_identification:_identify(setup/requirements/rosdistro/rosdep) by extensions ['colcon_meta']
[0.363s] Level 1:colcon.colcon_core.package_identification:_identify(setup/requirements/rosdistro/rosdep) by extension 'colcon_meta'
[0.363s] Level 1:colcon.colcon_core.package_identification:_identify(setup/requirements/rosdistro/rosdep) by extensions ['ros']
[0.364s] Level 1:colcon.colcon_core.package_identification:_identify(setup/requirements/rosdistro/rosdep) by extension 'ros'
[0.366s] Level 1:colcon.colcon_core.package_identification:_identify(setup/requirements/rosdistro/rosdep) by extensions ['cmake', 'python']
[0.367s] Level 1:colcon.colcon_core.package_identification:_identify(setup/requirements/rosdistro/rosdep) by extension 'cmake'
[0.368s] Level 1:colcon.colcon_core.package_identification:_identify(setup/requirements/rosdistro/rosdep) by extension 'python'
[0.369s] Level 1:colcon.colcon_core.package_identification:_identify(setup/requirements/rosdistro/rosdep) by extensions ['python_setup_py']
[0.369s] Level 1:colcon.colcon_core.package_identification:_identify(setup/requirements/rosdistro/rosdep) by extension 'python_setup_py'
[0.371s] Level 1:colcon.colcon_core.package_identification:_identify(setup/requirements/rosdistro/rosdep/sources.list.d) by extensions ['ignore', 'ignore_ament_install']
[0.371s] Level 1:colcon.colcon_core.package_identification:_identify(setup/requirements/rosdistro/rosdep/sources.list.d) by extension 'ignore'
[0.372s] Level 1:colcon.colcon_core.package_identification:_identify(setup/requirements/rosdistro/rosdep/sources.list.d) by extension 'ignore_ament_install'
[0.374s] Level 1:colcon.colcon_core.package_identification:_identify(setup/requirements/rosdistro/rosdep/sources.list.d) by extensions ['colcon_pkg']
[0.374s] Level 1:colcon.colcon_core.package_identification:_identify(setup/requirements/rosdistro/rosdep/sources.list.d) by extension 'colcon_pkg'
[0.375s] Level 1:colcon.colcon_core.package_identification:_identify(setup/requirements/rosdistro/rosdep/sources.list.d) by extensions ['colcon_meta']
[0.376s] Level 1:colcon.colcon_core.package_identification:_identify(setup/requirements/rosdistro/rosdep/sources.list.d) by extension 'colcon_meta'
[0.377s] Level 1:colcon.colcon_core.package_identification:_identify(setup/requirements/rosdistro/rosdep/sources.list.d) by extensions ['ros']
[0.377s] Level 1:colcon.colcon_core.package_identification:_identify(setup/requirements/rosdistro/rosdep/sources.list.d) by extension 'ros'
[0.380s] Level 1:colcon.colcon_core.package_identification:_identify(setup/requirements/rosdistro/rosdep/sources.list.d) by extensions ['cmake', 'python']
[0.380s] Level 1:colcon.colcon_core.package_identification:_identify(setup/requirements/rosdistro/rosdep/sources.list.d) by extension 'cmake'
[0.381s] Level 1:colcon.colcon_core.package_identification:_identify(setup/requirements/rosdistro/rosdep/sources.list.d) by extension 'python'
[0.382s] Level 1:colcon.colcon_core.package_identification:_identify(setup/requirements/rosdistro/rosdep/sources.list.d) by extensions ['python_setup_py']
[0.383s] Level 1:colcon.colcon_core.package_identification:_identify(setup/requirements/rosdistro/rosdep/sources.list.d) by extension 'python_setup_py'
[0.383s] Level 1:colcon.colcon_core.package_discovery:discover_packages(recursive) using defaults
[0.384s] Level 1:colcon.colcon_core.package_discovery:discover_packages(ignore) discover
[0.384s] Level 1:colcon.colcon_core.package_discovery:discover_packages(ignore) using defaults
[0.385s] Level 1:colcon.colcon_core.package_discovery:discover_packages(path) discover
[0.386s] Level 1:colcon.colcon_core.package_discovery:discover_packages(path) using defaults
[0.410s] Level 1:colcon.colcon_core.package_discovery:discover_packages(prefix_path) check parameters
[0.411s] Level 1:colcon.colcon_core.package_discovery:discover_packages(prefix_path) discover
[0.413s] Level 1:colcon.colcon_core.package_discovery:discover_packages(prefix_path) using defaults
[0.416s] INFO:colcon.colcon_core.executor:Executing jobs using 'parallel' executor
[0.422s] DEBUG:colcon.colcon_parallel_executor.executor.parallel:run_until_complete
[0.423s] DEBUG:colcon.colcon_parallel_executor.executor.parallel:closing loop
[0.424s] DEBUG:colcon.colcon_parallel_executor.executor.parallel:loop closed
[0.425s] DEBUG:colcon.colcon_parallel_executor.executor.parallel:run_until_complete finished with '0'
[0.425s] DEBUG:colcon.colcon_core.event_reactor:joining thread
[0.435s] INFO:colcon.colcon_core.plugin_system:Skipping extension 'colcon_notification.desktop_notification.notify_send': Could not find 'notify-send'
[0.436s] INFO:colcon.colcon_core.plugin_system:Skipping extension 'colcon_notification.desktop_notification.terminal_notifier': Not used on non-Darwin systems
[0.438s] INFO:colcon.colcon_core.plugin_system:Skipping extension 'colcon_notification.desktop_notification.win32': Not used on non-Windows systems
[0.440s] INFO:colcon.colcon_notification.desktop_notification:Sending desktop notification using 'notify2'
[0.443s] DEBUG:colcon.colcon_notification.desktop_notification.notify2:Failed to initialize notify2: org.freedesktop.DBus.Error.Spawn.ExecFailed: /usr/bin/dbus-launch terminated abnormally without any error message
[0.444s] DEBUG:colcon.colcon_core.event_reactor:joined thread
[0.453s] INFO:colcon.colcon_core.plugin_system:Skipping extension 'colcon_core.shell.bat': Not used on non-Windows systems
[0.455s] INFO:colcon.colcon_core.shell:Creating prefix script '/workspaces/ros_workspace_template/tools/install/local_setup.ps1'
[0.460s] INFO:colcon.colcon_core.shell:Creating prefix util module '/workspaces/ros_workspace_template/tools/install/_local_setup_util_ps1.py'
[0.465s] INFO:colcon.colcon_core.shell:Creating prefix chain script '/workspaces/ros_workspace_template/tools/install/setup.ps1'
[0.470s] INFO:colcon.colcon_core.shell:Creating prefix script '/workspaces/ros_workspace_template/tools/install/local_setup.sh'
[0.474s] INFO:colcon.colcon_core.shell:Creating prefix util module '/workspaces/ros_workspace_template/tools/install/_local_setup_util_sh.py'
[0.479s] INFO:colcon.colcon_core.shell:Creating prefix chain script '/workspaces/ros_workspace_template/tools/install/setup.sh'
[0.483s] INFO:colcon.colcon_core.shell:Creating prefix script '/workspaces/ros_workspace_template/tools/install/local_setup.bash'
[0.487s] INFO:colcon.colcon_core.shell:Creating prefix chain script '/workspaces/ros_workspace_template/tools/install/setup.bash'
[0.491s] INFO:colcon.colcon_core.shell:Creating prefix script '/workspaces/ros_workspace_template/tools/install/local_setup.zsh'
[0.495s] INFO:colcon.colcon_core.shell:Creating prefix chain script '/workspaces/ros_workspace_template/tools/install/setup.zsh'
