[0.217s] DEBUG:colcon:Command line arguments: ['/usr/bin/colcon', 'build']
[0.218s] DEBUG:colcon:Parsed command line arguments: Namespace(allow_overriding=[], ament_cmake_args=None, base_paths=['.'], build_base='build', catkin_cmake_args=None, catkin_skip_building_tests=False, cmake_args=None, cmake_clean_cache=False, cmake_clean_first=False, cmake_force_configure=False, cmake_target=None, cmake_target_skip_unavailable=False, continue_on_error=False, event_handlers=['compile_commands+'], executor='parallel', ignore_user_meta=False, install_base='install', log_base=None, log_level=None, main=<bound method BuildVerb.main of <colcon_core.verb.build.BuildVerb object at 0x7fad9e51a0a0>>, merge_install=False, metas=['./colcon.meta'], mixin=None, mixin_files=None, mixin_verb=('build',), packages_above=None, packages_above_and_dependencies=None, packages_above_depth=None, packages_end=None, packages_ignore=None, packages_ignore_regex=None, packages_select=None, packages_select_build_failed=False, packages_select_by_dep=None, packages_select_regex=None, packages_select_test_failures=False, packages_skip=None, packages_skip_build_finished=False, packages_skip_by_dep=None, packages_skip_regex=None, packages_skip_test_passed=False, packages_skip_up_to=None, packages_start=None, packages_up_to=None, packages_up_to_regex=None, parallel_workers=4, paths=None, symlink_install=True, test_result_base=None, verb_extension=<colcon_core.verb.build.BuildVerb object at 0x7fad9e51a0a0>, verb_name='build', verb_parser=<colcon_mixin.mixin.mixin_argument.MixinArgumentDecorator object at 0x7fad9e51a5e0>)
[0.249s] Level 1:colcon.colcon_core.package_discovery:discover_packages(colcon_meta) check parameters
[0.251s] Level 1:colcon.colcon_core.package_discovery:discover_packages(recursive) check parameters
[0.252s] Level 1:colcon.colcon_core.package_discovery:discover_packages(ignore) check parameters
[0.253s] Level 1:colcon.colcon_core.package_discovery:discover_packages(path) check parameters
[0.254s] Level 1:colcon.colcon_core.package_discovery:discover_packages(colcon_meta) discover
[0.255s] Level 1:colcon.colcon_core.package_discovery:discover_packages(recursive) discover
[0.256s] INFO:colcon.colcon_core.package_discovery:Crawling recursively for packages in '/workspaces/ros_workspace_template/tools'
[0.257s] Level 1:colcon.colcon_core.package_identification:_identify(.) by extensions ['ignore', 'ignore_ament_install']
[0.258s] Level 1:colcon.colcon_core.package_identification:_identify(.) by extension 'ignore'
[0.259s] Level 1:colcon.colcon_core.package_identification:_identify(.) by extension 'ignore_ament_install'
[0.261s] Level 1:colcon.colcon_core.package_identification:_identify(.) by extensions ['colcon_pkg']
[0.262s] Level 1:colcon.colcon_core.package_identification:_identify(.) by extension 'colcon_pkg'
[0.263s] Level 1:colcon.colcon_core.package_identification:_identify(.) by extensions ['colcon_meta']
[0.264s] Level 1:colcon.colcon_core.package_identification:_identify(.) by extension 'colcon_meta'
[0.264s] Level 1:colcon.colcon_core.package_identification:_identify(.) by extensions ['ros']
[0.265s] Level 1:colcon.colcon_core.package_identification:_identify(.) by extension 'ros'
[0.292s] Level 1:colcon.colcon_core.package_identification:_identify(.) by extensions ['cmake', 'python']
[0.293s] Level 1:colcon.colcon_core.package_identification:_identify(.) by extension 'cmake'
[0.294s] Level 1:colcon.colcon_core.package_identification:_identify(.) by extension 'python'
[0.296s] Level 1:colcon.colcon_core.package_identification:_identify(.) by extensions ['python_setup_py']
[0.296s] Level 1:colcon.colcon_core.package_identification:_identify(.) by extension 'python_setup_py'
[0.298s] Level 1:colcon.colcon_core.package_identification:_identify(build) by extensions ['ignore', 'ignore_ament_install']
[0.299s] Level 1:colcon.colcon_core.package_identification:_identify(build) by extension 'ignore'
[0.299s] Level 1:colcon.colcon_core.package_identification:_identify(build) ignored
[0.301s] Level 1:colcon.colcon_core.package_identification:_identify(install) by extensions ['ignore', 'ignore_ament_install']
[0.302s] Level 1:colcon.colcon_core.package_identification:_identify(install) by extension 'ignore'
[0.303s] Level 1:colcon.colcon_core.package_identification:_identify(install) ignored
[0.308s] Level 1:colcon.colcon_core.package_identification:_identify(log) by extensions ['ignore', 'ignore_ament_install']
[0.309s] Level 1:colcon.colcon_core.package_identification:_identify(log) by extension 'ignore'
[0.310s] Level 1:colcon.colcon_core.package_identification:_identify(log) ignored
[0.312s] Level 1:colcon.colcon_core.package_identification:_identify(setup) by extensions ['ignore', 'ignore_ament_install']
[0.313s] Level 1:colcon.colcon_core.package_identification:_identify(setup) by extension 'ignore'
[0.314s] Level 1:colcon.colcon_core.package_identification:_identify(setup) by extension 'ignore_ament_install'
[0.316s] Level 1:colcon.colcon_core.package_identification:_identify(setup) by extensions ['colcon_pkg']
[0.316s] Level 1:colcon.colcon_core.package_identification:_identify(setup) by extension 'colcon_pkg'
[0.318s] Level 1:colcon.colcon_core.package_identification:_identify(setup) by extensions ['colcon_meta']
[0.318s] Level 1:colcon.colcon_core.package_identification:_identify(setup) by extension 'colcon_meta'
[0.319s] Level 1:colcon.colcon_core.package_identification:_identify(setup) by extensions ['ros']
[0.321s] Level 1:colcon.colcon_core.package_identification:_identify(setup) by extension 'ros'
[0.326s] Level 1:colcon.colcon_core.package_identification:_identify(setup) by extensions ['cmake', 'python']
[0.326s] Level 1:colcon.colcon_core.package_identification:_identify(setup) by extension 'cmake'
[0.328s] Level 1:colcon.colcon_core.package_identification:_identify(setup) by extension 'python'
[0.329s] Level 1:colcon.colcon_core.package_identification:_identify(setup) by extensions ['python_setup_py']
[0.330s] Level 1:colcon.colcon_core.package_identification:_identify(setup) by extension 'python_setup_py'
[0.332s] Level 1:colcon.colcon_core.package_identification:_identify(setup/requirements) by extensions ['ignore', 'ignore_ament_install']
[0.332s] Level 1:colcon.colcon_core.package_identification:_identify(setup/requirements) by extension 'ignore'
[0.334s] Level 1:colcon.colcon_core.package_identification:_identify(setup/requirements) by extension 'ignore_ament_install'
[0.336s] Level 1:colcon.colcon_core.package_identification:_identify(setup/requirements) by extensions ['colcon_pkg']
[0.336s] Level 1:colcon.colcon_core.package_identification:_identify(setup/requirements) by extension 'colcon_pkg'
[0.338s] Level 1:colcon.colcon_core.package_identification:_identify(setup/requirements) by extensions ['colcon_meta']
[0.339s] Level 1:colcon.colcon_core.package_identification:_identify(setup/requirements) by extension 'colcon_meta'
[0.340s] Level 1:colcon.colcon_core.package_identification:_identify(setup/requirements) by extensions ['ros']
[0.340s] Level 1:colcon.colcon_core.package_identification:_identify(setup/requirements) by extension 'ros'
[0.343s] Level 1:colcon.colcon_core.package_identification:_identify(setup/requirements) by extensions ['cmake', 'python']
[0.343s] Level 1:colcon.colcon_core.package_identification:_identify(setup/requirements) by extension 'cmake'
[0.345s] Level 1:colcon.colcon_core.package_identification:_identify(setup/requirements) by extension 'python'
[0.346s] Level 1:colcon.colcon_core.package_identification:_identify(setup/requirements) by extensions ['python_setup_py']
[0.346s] Level 1:colcon.colcon_core.package_identification:_identify(setup/requirements) by extension 'python_setup_py'
[0.348s] Level 1:colcon.colcon_core.package_identification:_identify(setup/requirements/rosdistro) by extensions ['ignore', 'ignore_ament_install']
[0.349s] Level 1:colcon.colcon_core.package_identification:_identify(setup/requirements/rosdistro) by extension 'ignore'
[0.350s] Level 1:colcon.colcon_core.package_identification:_identify(setup/requirements/rosdistro) by extension 'ignore_ament_install'
[0.352s] Level 1:colcon.colcon_core.package_identification:_identify(setup/requirements/rosdistro) by extensions ['colcon_pkg']
[0.353s] Level 1:colcon.colcon_core.package_identification:_identify(setup/requirements/rosdistro) by extension 'colcon_pkg'
[0.355s] Level 1:colcon.colcon_core.package_identification:_identify(setup/requirements/rosdistro) by extensions ['colcon_meta']
[0.355s] Level 1:colcon.colcon_core.package_identification:_identify(setup/requirements/rosdistro) by extension 'colcon_meta'
[0.356s] Level 1:colcon.colcon_core.package_identification:_identify(setup/requirements/rosdistro) by extensions ['ros']
[0.357s] Level 1:colcon.colcon_core.package_identification:_identify(setup/requirements/rosdistro) by extension 'ros'
[0.360s] Level 1:colcon.colcon_core.package_identification:_identify(setup/requirements/rosdistro) by extensions ['cmake', 'python']
[0.361s] Level 1:colcon.colcon_core.package_identification:_identify(setup/requirements/rosdistro) by extension 'cmake'
[0.363s] Level 1:colcon.colcon_core.package_identification:_identify(setup/requirements/rosdistro) by extension 'python'
[0.364s] Level 1:colcon.colcon_core.package_identification:_identify(setup/requirements/rosdistro) by extensions ['python_setup_py']
[0.365s] Level 1:colcon.colcon_core.package_identification:_identify(setup/requirements/rosdistro) by extension 'python_setup_py'
[0.366s] Level 1:colcon.colcon_core.package_identification:_identify(setup/requirements/rosdistro/rosdep) by extensions ['ignore', 'ignore_ament_install']
[0.368s] Level 1:colcon.colcon_core.package_identification:_identify(setup/requirements/rosdistro/rosdep) by extension 'ignore'
[0.369s] Level 1:colcon.colcon_core.package_identification:_identify(setup/requirements/rosdistro/rosdep) by extension 'ignore_ament_install'
[0.371s] Level 1:colcon.colcon_core.package_identification:_identify(setup/requirements/rosdistro/rosdep) by extensions ['colcon_pkg']
[0.372s] Level 1:colcon.colcon_core.package_identification:_identify(setup/requirements/rosdistro/rosdep) by extension 'colcon_pkg'
[0.373s] Level 1:colcon.colcon_core.package_identification:_identify(setup/requirements/rosdistro/rosdep) by extensions ['colcon_meta']
[0.374s] Level 1:colcon.colcon_core.package_identification:_identify(setup/requirements/rosdistro/rosdep) by extension 'colcon_meta'
[0.375s] Level 1:colcon.colcon_core.package_identification:_identify(setup/requirements/rosdistro/rosdep) by extensions ['ros']
[0.376s] Level 1:colcon.colcon_core.package_identification:_identify(setup/requirements/rosdistro/rosdep) by extension 'ros'
[0.379s] Level 1:colcon.colcon_core.package_identification:_identify(setup/requirements/rosdistro/rosdep) by extensions ['cmake', 'python']
[0.380s] Level 1:colcon.colcon_core.package_identification:_identify(setup/requirements/rosdistro/rosdep) by extension 'cmake'
[0.381s] Level 1:colcon.colcon_core.package_identification:_identify(setup/requirements/rosdistro/rosdep) by extension 'python'
[0.382s] Level 1:colcon.colcon_core.package_identification:_identify(setup/requirements/rosdistro/rosdep) by extensions ['python_setup_py']
[0.382s] Level 1:colcon.colcon_core.package_identification:_identify(setup/requirements/rosdistro/rosdep) by extension 'python_setup_py'
[0.384s] Level 1:colcon.colcon_core.package_identification:_identify(setup/requirements/rosdistro/rosdep/sources.list.d) by extensions ['ignore', 'ignore_ament_install']
[0.384s] Level 1:colcon.colcon_core.package_identification:_identify(setup/requirements/rosdistro/rosdep/sources.list.d) by extension 'ignore'
[0.385s] Level 1:colcon.colcon_core.package_identification:_identify(setup/requirements/rosdistro/rosdep/sources.list.d) by extension 'ignore_ament_install'
[0.387s] Level 1:colcon.colcon_core.package_identification:_identify(setup/requirements/rosdistro/rosdep/sources.list.d) by extensions ['colcon_pkg']
[0.388s] Level 1:colcon.colcon_core.package_identification:_identify(setup/requirements/rosdistro/rosdep/sources.list.d) by extension 'colcon_pkg'
[0.389s] Level 1:colcon.colcon_core.package_identification:_identify(setup/requirements/rosdistro/rosdep/sources.list.d) by extensions ['colcon_meta']
[0.390s] Level 1:colcon.colcon_core.package_identification:_identify(setup/requirements/rosdistro/rosdep/sources.list.d) by extension 'colcon_meta'
[0.391s] Level 1:colcon.colcon_core.package_identification:_identify(setup/requirements/rosdistro/rosdep/sources.list.d) by extensions ['ros']
[0.391s] Level 1:colcon.colcon_core.package_identification:_identify(setup/requirements/rosdistro/rosdep/sources.list.d) by extension 'ros'
[0.394s] Level 1:colcon.colcon_core.package_identification:_identify(setup/requirements/rosdistro/rosdep/sources.list.d) by extensions ['cmake', 'python']
[0.395s] Level 1:colcon.colcon_core.package_identification:_identify(setup/requirements/rosdistro/rosdep/sources.list.d) by extension 'cmake'
[0.396s] Level 1:colcon.colcon_core.package_identification:_identify(setup/requirements/rosdistro/rosdep/sources.list.d) by extension 'python'
[0.397s] Level 1:colcon.colcon_core.package_identification:_identify(setup/requirements/rosdistro/rosdep/sources.list.d) by extensions ['python_setup_py']
[0.397s] Level 1:colcon.colcon_core.package_identification:_identify(setup/requirements/rosdistro/rosdep/sources.list.d) by extension 'python_setup_py'
[0.398s] Level 1:colcon.colcon_core.package_discovery:discover_packages(recursive) using defaults
[0.399s] Level 1:colcon.colcon_core.package_discovery:discover_packages(ignore) discover
[0.400s] Level 1:colcon.colcon_core.package_discovery:discover_packages(ignore) using defaults
[0.400s] Level 1:colcon.colcon_core.package_discovery:discover_packages(path) discover
[0.401s] Level 1:colcon.colcon_core.package_discovery:discover_packages(path) using defaults
[0.424s] Level 1:colcon.colcon_core.package_discovery:discover_packages(prefix_path) check parameters
[0.425s] Level 1:colcon.colcon_core.package_discovery:discover_packages(prefix_path) discover
[0.427s] Level 1:colcon.colcon_core.package_discovery:discover_packages(prefix_path) using defaults
[0.430s] INFO:colcon.colcon_core.executor:Executing jobs using 'parallel' executor
[0.437s] DEBUG:colcon.colcon_parallel_executor.executor.parallel:run_until_complete
[0.438s] DEBUG:colcon.colcon_parallel_executor.executor.parallel:closing loop
[0.439s] DEBUG:colcon.colcon_parallel_executor.executor.parallel:loop closed
[0.440s] DEBUG:colcon.colcon_parallel_executor.executor.parallel:run_until_complete finished with '0'
[0.441s] DEBUG:colcon.colcon_core.event_reactor:joining thread
[0.453s] INFO:colcon.colcon_core.plugin_system:Skipping extension 'colcon_notification.desktop_notification.notify_send': Could not find 'notify-send'
[0.454s] INFO:colcon.colcon_core.plugin_system:Skipping extension 'colcon_notification.desktop_notification.terminal_notifier': Not used on non-Darwin systems
[0.455s] INFO:colcon.colcon_core.plugin_system:Skipping extension 'colcon_notification.desktop_notification.win32': Not used on non-Windows systems
[0.456s] INFO:colcon.colcon_notification.desktop_notification:Sending desktop notification using 'notify2'
[0.459s] DEBUG:colcon.colcon_notification.desktop_notification.notify2:Failed to initialize notify2: org.freedesktop.DBus.Error.Spawn.ExecFailed: /usr/bin/dbus-launch terminated abnormally without any error message
[0.461s] DEBUG:colcon.colcon_core.event_reactor:joined thread
[0.471s] INFO:colcon.colcon_core.plugin_system:Skipping extension 'colcon_core.shell.bat': Not used on non-Windows systems
[0.473s] INFO:colcon.colcon_core.shell:Creating prefix script '/workspaces/ros_workspace_template/tools/install/local_setup.ps1'
[0.479s] INFO:colcon.colcon_core.shell:Creating prefix util module '/workspaces/ros_workspace_template/tools/install/_local_setup_util_ps1.py'
[0.485s] INFO:colcon.colcon_core.shell:Creating prefix chain script '/workspaces/ros_workspace_template/tools/install/setup.ps1'
[0.490s] INFO:colcon.colcon_core.shell:Creating prefix script '/workspaces/ros_workspace_template/tools/install/local_setup.sh'
[0.494s] INFO:colcon.colcon_core.shell:Creating prefix util module '/workspaces/ros_workspace_template/tools/install/_local_setup_util_sh.py'
[0.499s] INFO:colcon.colcon_core.shell:Creating prefix chain script '/workspaces/ros_workspace_template/tools/install/setup.sh'
[0.504s] INFO:colcon.colcon_core.shell:Creating prefix script '/workspaces/ros_workspace_template/tools/install/local_setup.bash'
[0.508s] INFO:colcon.colcon_core.shell:Creating prefix chain script '/workspaces/ros_workspace_template/tools/install/setup.bash'
[0.513s] INFO:colcon.colcon_core.shell:Creating prefix script '/workspaces/ros_workspace_template/tools/install/local_setup.zsh'
[0.517s] INFO:colcon.colcon_core.shell:Creating prefix chain script '/workspaces/ros_workspace_template/tools/install/setup.zsh'
