[0.225s] DEBUG:colcon:Command line arguments: ['/usr/bin/colcon', 'build']
[0.226s] DEBUG:colcon:Parsed command line arguments: Namespace(allow_overriding=[], ament_cmake_args=None, base_paths=['.'], build_base='build', catkin_cmake_args=None, catkin_skip_building_tests=False, cmake_args=None, cmake_clean_cache=False, cmake_clean_first=False, cmake_force_configure=False, cmake_target=None, cmake_target_skip_unavailable=False, continue_on_error=False, event_handlers=['summary-', 'compile_commands+'], executor='parallel', ignore_user_meta=False, install_base='install', log_base=None, log_level=None, main=<bound method BuildVerb.main of <colcon_core.verb.build.BuildVerb object at 0x7f524e293e20>>, merge_install=False, metas=['./colcon.meta'], mixin=None, mixin_files=None, mixin_verb=('build',), packages_above=None, packages_above_and_dependencies=None, packages_above_depth=None, packages_end=None, packages_ignore=None, packages_ignore_regex=None, packages_select=None, packages_select_build_failed=False, packages_select_by_dep=None, packages_select_regex=None, packages_select_test_failures=False, packages_skip=None, packages_skip_build_finished=False, packages_skip_by_dep=None, packages_skip_regex=None, packages_skip_test_passed=False, packages_skip_up_to=None, packages_start=None, packages_up_to=None, packages_up_to_regex=None, parallel_workers=4, paths=None, symlink_install=True, test_result_base=None, verb_extension=<colcon_core.verb.build.BuildVerb object at 0x7f524e293e20>, verb_name='build', verb_parser=<colcon_mixin.mixin.mixin_argument.MixinArgumentDecorator object at 0x7f524e29c400>)
[0.271s] Level 1:colcon.colcon_core.package_discovery:discover_packages(colcon_meta) check parameters
[0.273s] Level 1:colcon.colcon_core.package_discovery:discover_packages(recursive) check parameters
[0.274s] Level 1:colcon.colcon_core.package_discovery:discover_packages(ignore) check parameters
[0.274s] Level 1:colcon.colcon_core.package_discovery:discover_packages(path) check parameters
[0.275s] Level 1:colcon.colcon_core.package_discovery:discover_packages(colcon_meta) discover
[0.276s] Level 1:colcon.colcon_core.package_discovery:discover_packages(recursive) discover
[0.277s] INFO:colcon.colcon_core.package_discovery:Crawling recursively for packages in '/workspaces/ros_workspace_template/tools'
[0.279s] Level 1:colcon.colcon_core.package_identification:_identify(.) by extensions ['ignore', 'ignore_ament_install']
[0.280s] Level 1:colcon.colcon_core.package_identification:_identify(.) by extension 'ignore'
[0.281s] Level 1:colcon.colcon_core.package_identification:_identify(.) by extension 'ignore_ament_install'
[0.283s] Level 1:colcon.colcon_core.package_identification:_identify(.) by extensions ['colcon_pkg']
[0.284s] Level 1:colcon.colcon_core.package_identification:_identify(.) by extension 'colcon_pkg'
[0.285s] Level 1:colcon.colcon_core.package_identification:_identify(.) by extensions ['colcon_meta']
[0.286s] Level 1:colcon.colcon_core.package_identification:_identify(.) by extension 'colcon_meta'
[0.287s] Level 1:colcon.colcon_core.package_identification:_identify(.) by extensions ['ros']
[0.287s] Level 1:colcon.colcon_core.package_identification:_identify(.) by extension 'ros'
[0.314s] Level 1:colcon.colcon_core.package_identification:_identify(.) by extensions ['cmake', 'python']
[0.315s] Level 1:colcon.colcon_core.package_identification:_identify(.) by extension 'cmake'
[0.316s] Level 1:colcon.colcon_core.package_identification:_identify(.) by extension 'python'
[0.317s] Level 1:colcon.colcon_core.package_identification:_identify(.) by extensions ['python_setup_py']
[0.317s] Level 1:colcon.colcon_core.package_identification:_identify(.) by extension 'python_setup_py'
[0.320s] Level 1:colcon.colcon_core.package_identification:_identify(build) by extensions ['ignore', 'ignore_ament_install']
[0.321s] Level 1:colcon.colcon_core.package_identification:_identify(build) by extension 'ignore'
[0.321s] Level 1:colcon.colcon_core.package_identification:_identify(build) ignored
[0.324s] Level 1:colcon.colcon_core.package_identification:_identify(install) by extensions ['ignore', 'ignore_ament_install']
[0.325s] Level 1:colcon.colcon_core.package_identification:_identify(install) by extension 'ignore'
[0.326s] Level 1:colcon.colcon_core.package_identification:_identify(install) ignored
[0.330s] Level 1:colcon.colcon_core.package_identification:_identify(log) by extensions ['ignore', 'ignore_ament_install']
[0.331s] Level 1:colcon.colcon_core.package_identification:_identify(log) by extension 'ignore'
[0.331s] Level 1:colcon.colcon_core.package_identification:_identify(log) ignored
[0.334s] Level 1:colcon.colcon_core.package_identification:_identify(setup) by extensions ['ignore', 'ignore_ament_install']
[0.334s] Level 1:colcon.colcon_core.package_identification:_identify(setup) by extension 'ignore'
[0.335s] Level 1:colcon.colcon_core.package_identification:_identify(setup) by extension 'ignore_ament_install'
[0.337s] Level 1:colcon.colcon_core.package_identification:_identify(setup) by extensions ['colcon_pkg']
[0.338s] Level 1:colcon.colcon_core.package_identification:_identify(setup) by extension 'colcon_pkg'
[0.339s] Level 1:colcon.colcon_core.package_identification:_identify(setup) by extensions ['colcon_meta']
[0.340s] Level 1:colcon.colcon_core.package_identification:_identify(setup) by extension 'colcon_meta'
[0.340s] Level 1:colcon.colcon_core.package_identification:_identify(setup) by extensions ['ros']
[0.341s] Level 1:colcon.colcon_core.package_identification:_identify(setup) by extension 'ros'
[0.343s] Level 1:colcon.colcon_core.package_identification:_identify(setup) by extensions ['cmake', 'python']
[0.344s] Level 1:colcon.colcon_core.package_identification:_identify(setup) by extension 'cmake'
[0.345s] Level 1:colcon.colcon_core.package_identification:_identify(setup) by extension 'python'
[0.346s] Level 1:colcon.colcon_core.package_identification:_identify(setup) by extensions ['python_setup_py']
[0.347s] Level 1:colcon.colcon_core.package_identification:_identify(setup) by extension 'python_setup_py'
[0.348s] Level 1:colcon.colcon_core.package_identification:_identify(setup/requirements) by extensions ['ignore', 'ignore_ament_install']
[0.349s] Level 1:colcon.colcon_core.package_identification:_identify(setup/requirements) by extension 'ignore'
[0.350s] Level 1:colcon.colcon_core.package_identification:_identify(setup/requirements) by extension 'ignore_ament_install'
[0.352s] Level 1:colcon.colcon_core.package_identification:_identify(setup/requirements) by extensions ['colcon_pkg']
[0.352s] Level 1:colcon.colcon_core.package_identification:_identify(setup/requirements) by extension 'colcon_pkg'
[0.353s] Level 1:colcon.colcon_core.package_identification:_identify(setup/requirements) by extensions ['colcon_meta']
[0.354s] Level 1:colcon.colcon_core.package_identification:_identify(setup/requirements) by extension 'colcon_meta'
[0.355s] Level 1:colcon.colcon_core.package_identification:_identify(setup/requirements) by extensions ['ros']
[0.355s] Level 1:colcon.colcon_core.package_identification:_identify(setup/requirements) by extension 'ros'
[0.358s] Level 1:colcon.colcon_core.package_identification:_identify(setup/requirements) by extensions ['cmake', 'python']
[0.358s] Level 1:colcon.colcon_core.package_identification:_identify(setup/requirements) by extension 'cmake'
[0.360s] Level 1:colcon.colcon_core.package_identification:_identify(setup/requirements) by extension 'python'
[0.361s] Level 1:colcon.colcon_core.package_identification:_identify(setup/requirements) by extensions ['python_setup_py']
[0.362s] Level 1:colcon.colcon_core.package_identification:_identify(setup/requirements) by extension 'python_setup_py'
[0.363s] Level 1:colcon.colcon_core.package_identification:_identify(setup/requirements/rosdistro) by extensions ['ignore', 'ignore_ament_install']
[0.364s] Level 1:colcon.colcon_core.package_identification:_identify(setup/requirements/rosdistro) by extension 'ignore'
[0.365s] Level 1:colcon.colcon_core.package_identification:_identify(setup/requirements/rosdistro) by extension 'ignore_ament_install'
[0.366s] Level 1:colcon.colcon_core.package_identification:_identify(setup/requirements/rosdistro) by extensions ['colcon_pkg']
[0.367s] Level 1:colcon.colcon_core.package_identification:_identify(setup/requirements/rosdistro) by extension 'colcon_pkg'
[0.369s] Level 1:colcon.colcon_core.package_identification:_identify(setup/requirements/rosdistro) by extensions ['colcon_meta']
[0.369s] Level 1:colcon.colcon_core.package_identification:_identify(setup/requirements/rosdistro) by extension 'colcon_meta'
[0.370s] Level 1:colcon.colcon_core.package_identification:_identify(setup/requirements/rosdistro) by extensions ['ros']
[0.370s] Level 1:colcon.colcon_core.package_identification:_identify(setup/requirements/rosdistro) by extension 'ros'
[0.373s] Level 1:colcon.colcon_core.package_identification:_identify(setup/requirements/rosdistro) by extensions ['cmake', 'python']
[0.374s] Level 1:colcon.colcon_core.package_identification:_identify(setup/requirements/rosdistro) by extension 'cmake'
[0.375s] Level 1:colcon.colcon_core.package_identification:_identify(setup/requirements/rosdistro) by extension 'python'
[0.376s] Level 1:colcon.colcon_core.package_identification:_identify(setup/requirements/rosdistro) by extensions ['python_setup_py']
[0.377s] Level 1:colcon.colcon_core.package_identification:_identify(setup/requirements/rosdistro) by extension 'python_setup_py'
[0.379s] Level 1:colcon.colcon_core.package_identification:_identify(setup/requirements/rosdistro/rosdep) by extensions ['ignore', 'ignore_ament_install']
[0.379s] Level 1:colcon.colcon_core.package_identification:_identify(setup/requirements/rosdistro/rosdep) by extension 'ignore'
[0.380s] Level 1:colcon.colcon_core.package_identification:_identify(setup/requirements/rosdistro/rosdep) by extension 'ignore_ament_install'
[0.382s] Level 1:colcon.colcon_core.package_identification:_identify(setup/requirements/rosdistro/rosdep) by extensions ['colcon_pkg']
[0.383s] Level 1:colcon.colcon_core.package_identification:_identify(setup/requirements/rosdistro/rosdep) by extension 'colcon_pkg'
[0.384s] Level 1:colcon.colcon_core.package_identification:_identify(setup/requirements/rosdistro/rosdep) by extensions ['colcon_meta']
[0.385s] Level 1:colcon.colcon_core.package_identification:_identify(setup/requirements/rosdistro/rosdep) by extension 'colcon_meta'
[0.386s] Level 1:colcon.colcon_core.package_identification:_identify(setup/requirements/rosdistro/rosdep) by extensions ['ros']
[0.386s] Level 1:colcon.colcon_core.package_identification:_identify(setup/requirements/rosdistro/rosdep) by extension 'ros'
[0.389s] Level 1:colcon.colcon_core.package_identification:_identify(setup/requirements/rosdistro/rosdep) by extensions ['cmake', 'python']
[0.390s] Level 1:colcon.colcon_core.package_identification:_identify(setup/requirements/rosdistro/rosdep) by extension 'cmake'
[0.391s] Level 1:colcon.colcon_core.package_identification:_identify(setup/requirements/rosdistro/rosdep) by extension 'python'
[0.392s] Level 1:colcon.colcon_core.package_identification:_identify(setup/requirements/rosdistro/rosdep) by extensions ['python_setup_py']
[0.393s] Level 1:colcon.colcon_core.package_identification:_identify(setup/requirements/rosdistro/rosdep) by extension 'python_setup_py'
[0.394s] Level 1:colcon.colcon_core.package_identification:_identify(setup/requirements/rosdistro/rosdep/sources.list.d) by extensions ['ignore', 'ignore_ament_install']
[0.394s] Level 1:colcon.colcon_core.package_identification:_identify(setup/requirements/rosdistro/rosdep/sources.list.d) by extension 'ignore'
[0.396s] Level 1:colcon.colcon_core.package_identification:_identify(setup/requirements/rosdistro/rosdep/sources.list.d) by extension 'ignore_ament_install'
[0.397s] Level 1:colcon.colcon_core.package_identification:_identify(setup/requirements/rosdistro/rosdep/sources.list.d) by extensions ['colcon_pkg']
[0.398s] Level 1:colcon.colcon_core.package_identification:_identify(setup/requirements/rosdistro/rosdep/sources.list.d) by extension 'colcon_pkg'
[0.399s] Level 1:colcon.colcon_core.package_identification:_identify(setup/requirements/rosdistro/rosdep/sources.list.d) by extensions ['colcon_meta']
[0.400s] Level 1:colcon.colcon_core.package_identification:_identify(setup/requirements/rosdistro/rosdep/sources.list.d) by extension 'colcon_meta'
[0.400s] Level 1:colcon.colcon_core.package_identification:_identify(setup/requirements/rosdistro/rosdep/sources.list.d) by extensions ['ros']
[0.401s] Level 1:colcon.colcon_core.package_identification:_identify(setup/requirements/rosdistro/rosdep/sources.list.d) by extension 'ros'
[0.404s] Level 1:colcon.colcon_core.package_identification:_identify(setup/requirements/rosdistro/rosdep/sources.list.d) by extensions ['cmake', 'python']
[0.404s] Level 1:colcon.colcon_core.package_identification:_identify(setup/requirements/rosdistro/rosdep/sources.list.d) by extension 'cmake'
[0.405s] Level 1:colcon.colcon_core.package_identification:_identify(setup/requirements/rosdistro/rosdep/sources.list.d) by extension 'python'
[0.406s] Level 1:colcon.colcon_core.package_identification:_identify(setup/requirements/rosdistro/rosdep/sources.list.d) by extensions ['python_setup_py']
[0.407s] Level 1:colcon.colcon_core.package_identification:_identify(setup/requirements/rosdistro/rosdep/sources.list.d) by extension 'python_setup_py'
[0.408s] Level 1:colcon.colcon_core.package_discovery:discover_packages(recursive) using defaults
[0.409s] Level 1:colcon.colcon_core.package_discovery:discover_packages(ignore) discover
[0.409s] Level 1:colcon.colcon_core.package_discovery:discover_packages(ignore) using defaults
[0.410s] Level 1:colcon.colcon_core.package_discovery:discover_packages(path) discover
[0.411s] Level 1:colcon.colcon_core.package_discovery:discover_packages(path) using defaults
[0.434s] Level 1:colcon.colcon_core.package_discovery:discover_packages(prefix_path) check parameters
[0.435s] Level 1:colcon.colcon_core.package_discovery:discover_packages(prefix_path) discover
[0.438s] Level 1:colcon.colcon_core.package_discovery:discover_packages(prefix_path) using defaults
[0.441s] INFO:colcon.colcon_core.executor:Executing jobs using 'parallel' executor
[0.447s] DEBUG:colcon.colcon_parallel_executor.executor.parallel:run_until_complete
[0.448s] DEBUG:colcon.colcon_parallel_executor.executor.parallel:closing loop
[0.449s] DEBUG:colcon.colcon_parallel_executor.executor.parallel:loop closed
[0.450s] DEBUG:colcon.colcon_parallel_executor.executor.parallel:run_until_complete finished with '0'
[0.451s] DEBUG:colcon.colcon_core.event_reactor:joining thread
[0.462s] INFO:colcon.colcon_core.plugin_system:Skipping extension 'colcon_notification.desktop_notification.notify_send': Could not find 'notify-send'
[0.462s] INFO:colcon.colcon_core.plugin_system:Skipping extension 'colcon_notification.desktop_notification.terminal_notifier': Not used on non-Darwin systems
[0.463s] INFO:colcon.colcon_core.plugin_system:Skipping extension 'colcon_notification.desktop_notification.win32': Not used on non-Windows systems
[0.464s] INFO:colcon.colcon_notification.desktop_notification:Sending desktop notification using 'notify2'
[0.467s] DEBUG:colcon.colcon_notification.desktop_notification.notify2:Failed to initialize notify2: org.freedesktop.DBus.Error.Spawn.ExecFailed: /usr/bin/dbus-launch terminated abnormally without any error message
[0.468s] DEBUG:colcon.colcon_core.event_reactor:joined thread
[0.477s] INFO:colcon.colcon_core.plugin_system:Skipping extension 'colcon_core.shell.bat': Not used on non-Windows systems
[0.478s] INFO:colcon.colcon_core.shell:Creating prefix script '/workspaces/ros_workspace_template/tools/install/local_setup.ps1'
[0.484s] INFO:colcon.colcon_core.shell:Creating prefix util module '/workspaces/ros_workspace_template/tools/install/_local_setup_util_ps1.py'
[0.490s] INFO:colcon.colcon_core.shell:Creating prefix chain script '/workspaces/ros_workspace_template/tools/install/setup.ps1'
[0.496s] INFO:colcon.colcon_core.shell:Creating prefix script '/workspaces/ros_workspace_template/tools/install/local_setup.sh'
[0.505s] INFO:colcon.colcon_core.shell:Creating prefix util module '/workspaces/ros_workspace_template/tools/install/_local_setup_util_sh.py'
[0.511s] INFO:colcon.colcon_core.shell:Creating prefix chain script '/workspaces/ros_workspace_template/tools/install/setup.sh'
[0.518s] INFO:colcon.colcon_core.shell:Creating prefix script '/workspaces/ros_workspace_template/tools/install/local_setup.bash'
[0.522s] INFO:colcon.colcon_core.shell:Creating prefix chain script '/workspaces/ros_workspace_template/tools/install/setup.bash'
[0.527s] INFO:colcon.colcon_core.shell:Creating prefix script '/workspaces/ros_workspace_template/tools/install/local_setup.zsh'
[0.532s] INFO:colcon.colcon_core.shell:Creating prefix chain script '/workspaces/ros_workspace_template/tools/install/setup.zsh'
